f:\year 2\object oriented programming\assignments\assignment 2\debug\vc120.pdb
f:\year 2\object oriented programming\assignments\assignment 2\debug\vc120.idb
f:\year 2\object oriented programming\assignments\assignment 2\debug\5003_task1c_main.obj
f:\year 2\object oriented programming\assignments\assignment 2\debug\bankaccount.obj
f:\year 2\object oriented programming\assignments\assignment 2\debug\cashcard.obj
f:\year 2\object oriented programming\assignments\assignment 2\debug\cashpoint.obj
f:\year 2\object oriented programming\assignments\assignment 2\debug\currentaccount.obj
f:\year 2\object oriented programming\assignments\assignment 2\debug\date.obj
f:\year 2\object oriented programming\assignments\assignment 2\debug\time.obj
f:\year 2\object oriented programming\assignments\assignment 2\debug\transaction.obj
f:\year 2\object oriented programming\assignments\assignment 2\debug\transactionlist.obj
f:\year 2\object oriented programming\assignments\assignment 2\debug\userinterface.obj
f:\year 2\object oriented programming\assignments\assignment 2\debug\oop_project.ilk
f:\year 2\object oriented programming\assignments\assignment 2\debug\oop_project.exe
f:\year 2\object oriented programming\assignments\assignment 2\debug\oop_project.pdb
f:\year 2\object oriented programming\assignments\assignment 2\debug\oop_project.tlog\cl.command.1.tlog
f:\year 2\object oriented programming\assignments\assignment 2\debug\oop_project.tlog\cl.read.1.tlog
f:\year 2\object oriented programming\assignments\assignment 2\debug\oop_project.tlog\cl.write.1.tlog
f:\year 2\object oriented programming\assignments\assignment 2\debug\oop_project.tlog\link.command.1.tlog
f:\year 2\object oriented programming\assignments\assignment 2\debug\oop_project.tlog\link.read.1.tlog
f:\year 2\object oriented programming\assignments\assignment 2\debug\oop_project.tlog\link.write.1.tlog
